{"/Users/santi/web/challenges/iot-dashboard/client/src/theme.ts": {"path":"/Users/santi/web/challenges/iot-dashboard/client/src/theme.ts","all":false,"statementMap":{"0":{"start":{"line":1,"column":0},"end":{"line":1,"column":22}},"1":{"start":{"line":2,"column":0},"end":{"line":2,"column":11}},"2":{"start":{"line":3,"column":0},"end":{"line":3,"column":23}},"3":{"start":{"line":4,"column":0},"end":{"line":4,"column":23}},"4":{"start":{"line":5,"column":0},"end":{"line":5,"column":22}},"5":{"start":{"line":6,"column":0},"end":{"line":6,"column":4}},"6":{"start":{"line":7,"column":0},"end":{"line":7,"column":2}}},"s":{"0":1,"1":1,"2":1,"3":1,"4":1,"5":1,"6":1},"branchMap":{},"b":{},"fnMap":{},"f":{}}
,"/Users/santi/web/challenges/iot-dashboard/client/src/components/ErrorSection/ErrorSection.styled.tsx": {"path":"/Users/santi/web/challenges/iot-dashboard/client/src/components/ErrorSection/ErrorSection.styled.tsx","all":false,"statementMap":{"0":{"start":{"line":1,"column":0},"end":{"line":1,"column":39}},"1":{"start":{"line":2,"column":0},"end":{"line":2,"column":0}},"2":{"start":{"line":3,"column":0},"end":{"line":3,"column":40}},"3":{"start":{"line":4,"column":0},"end":{"line":4,"column":16}},"4":{"start":{"line":5,"column":0},"end":{"line":5,"column":22}},"5":{"start":{"line":6,"column":0},"end":{"line":6,"column":26}},"6":{"start":{"line":7,"column":0},"end":{"line":7,"column":16}},"7":{"start":{"line":8,"column":0},"end":{"line":8,"column":2}}},"s":{"0":1,"1":1,"2":1,"3":1,"4":1,"5":1,"6":1,"7":1},"branchMap":{},"b":{},"fnMap":{},"f":{}}
,"/Users/santi/web/challenges/iot-dashboard/client/src/components/ErrorSection/ErrorSection.tsx": {"path":"/Users/santi/web/challenges/iot-dashboard/client/src/components/ErrorSection/ErrorSection.tsx","all":false,"statementMap":{"0":{"start":{"line":1,"column":0},"end":{"line":1,"column":54}},"1":{"start":{"line":2,"column":0},"end":{"line":2,"column":0}},"2":{"start":{"line":3,"column":0},"end":{"line":3,"column":35}},"3":{"start":{"line":4,"column":0},"end":{"line":4,"column":10}},"4":{"start":{"line":5,"column":0},"end":{"line":5,"column":19}},"5":{"start":{"line":6,"column":0},"end":{"line":6,"column":44}},"6":{"start":{"line":7,"column":0},"end":{"line":7,"column":20}},"7":{"start":{"line":8,"column":0},"end":{"line":8,"column":4}},"8":{"start":{"line":9,"column":0},"end":{"line":9,"column":2}}},"s":{"0":1,"1":1,"2":1,"3":2,"4":2,"5":2,"6":2,"7":2,"8":2},"branchMap":{"0":{"type":"branch","line":3,"loc":{"start":{"line":3,"column":28},"end":{"line":9,"column":2}},"locations":[{"start":{"line":3,"column":28},"end":{"line":9,"column":2}}]}},"b":{"0":[2]},"fnMap":{"0":{"name":"ErrorSection","decl":{"start":{"line":3,"column":28},"end":{"line":9,"column":2}},"loc":{"start":{"line":3,"column":28},"end":{"line":9,"column":2}},"line":3}},"f":{"0":2}}
,"/Users/santi/web/challenges/iot-dashboard/client/src/components/SensorCard/SensorCard.styled.tsx": {"path":"/Users/santi/web/challenges/iot-dashboard/client/src/components/SensorCard/SensorCard.styled.tsx","all":false,"statementMap":{"0":{"start":{"line":1,"column":0},"end":{"line":1,"column":54}},"1":{"start":{"line":2,"column":0},"end":{"line":2,"column":0}},"2":{"start":{"line":3,"column":0},"end":{"line":3,"column":27}},"3":{"start":{"line":4,"column":0},"end":{"line":4,"column":25}},"4":{"start":{"line":5,"column":0},"end":{"line":5,"column":1}},"5":{"start":{"line":6,"column":0},"end":{"line":6,"column":0}},"6":{"start":{"line":7,"column":0},"end":{"line":7,"column":34}},"7":{"start":{"line":8,"column":0},"end":{"line":8,"column":8}},"8":{"start":{"line":9,"column":0},"end":{"line":9,"column":15}},"9":{"start":{"line":10,"column":0},"end":{"line":10,"column":3}},"10":{"start":{"line":11,"column":0},"end":{"line":11,"column":6}},"11":{"start":{"line":12,"column":0},"end":{"line":12,"column":15}},"12":{"start":{"line":13,"column":0},"end":{"line":13,"column":3}},"13":{"start":{"line":14,"column":0},"end":{"line":14,"column":2}},"14":{"start":{"line":15,"column":0},"end":{"line":15,"column":0}},"15":{"start":{"line":16,"column":0},"end":{"line":16,"column":48}},"16":{"start":{"line":17,"column":0},"end":{"line":17,"column":35}},"17":{"start":{"line":18,"column":0},"end":{"line":18,"column":16}},"18":{"start":{"line":19,"column":0},"end":{"line":19,"column":20}},"19":{"start":{"line":20,"column":0},"end":{"line":20,"column":22}},"20":{"start":{"line":21,"column":0},"end":{"line":21,"column":16}},"21":{"start":{"line":22,"column":0},"end":{"line":22,"column":16}},"22":{"start":{"line":23,"column":0},"end":{"line":23,"column":52}},"23":{"start":{"line":24,"column":0},"end":{"line":24,"column":25}},"24":{"start":{"line":25,"column":0},"end":{"line":25,"column":22}},"25":{"start":{"line":26,"column":0},"end":{"line":26,"column":32}},"26":{"start":{"line":27,"column":0},"end":{"line":27,"column":87}},"27":{"start":{"line":28,"column":0},"end":{"line":28,"column":2}},"28":{"start":{"line":29,"column":0},"end":{"line":29,"column":0}},"29":{"start":{"line":30,"column":0},"end":{"line":30,"column":55}},"30":{"start":{"line":31,"column":0},"end":{"line":31,"column":18}},"31":{"start":{"line":32,"column":0},"end":{"line":32,"column":19}},"32":{"start":{"line":33,"column":0},"end":{"line":33,"column":12}},"33":{"start":{"line":34,"column":0},"end":{"line":34,"column":60}},"34":{"start":{"line":35,"column":0},"end":{"line":35,"column":2}},"35":{"start":{"line":36,"column":0},"end":{"line":36,"column":0}},"36":{"start":{"line":37,"column":0},"end":{"line":37,"column":52}},"37":{"start":{"line":38,"column":0},"end":{"line":38,"column":12}},"38":{"start":{"line":39,"column":0},"end":{"line":39,"column":20}},"39":{"start":{"line":40,"column":0},"end":{"line":40,"column":60}},"40":{"start":{"line":41,"column":0},"end":{"line":41,"column":2}}},"s":{"0":1,"1":1,"2":1,"3":1,"4":1,"5":1,"6":1,"7":1,"8":1,"9":1,"10":1,"11":1,"12":1,"13":1,"14":1,"15":1,"16":1,"17":1,"18":1,"19":1,"20":1,"21":1,"22":1,"23":1,"24":1,"25":1,"26":1,"27":1,"28":1,"29":1,"30":1,"31":1,"32":1,"33":1,"34":1,"35":1,"36":1,"37":1,"38":1,"39":1,"40":1},"branchMap":{"0":{"type":"branch","line":27,"loc":{"start":{"line":27,"column":16},"end":{"line":27,"column":85}},"locations":[{"start":{"line":27,"column":16},"end":{"line":27,"column":85}}]},"1":{"type":"branch","line":27,"loc":{"start":{"line":27,"column":34},"end":{"line":27,"column":58}},"locations":[{"start":{"line":27,"column":34},"end":{"line":27,"column":58}}]},"2":{"type":"branch","line":27,"loc":{"start":{"line":27,"column":49},"end":{"line":27,"column":85}},"locations":[{"start":{"line":27,"column":49},"end":{"line":27,"column":85}}]},"3":{"type":"branch","line":34,"loc":{"start":{"line":34,"column":13},"end":{"line":34,"column":58}},"locations":[{"start":{"line":34,"column":13},"end":{"line":34,"column":58}}]},"4":{"type":"branch","line":34,"loc":{"start":{"line":34,"column":31},"end":{"line":34,"column":52}},"locations":[{"start":{"line":34,"column":31},"end":{"line":34,"column":52}}]},"5":{"type":"branch","line":34,"loc":{"start":{"line":34,"column":46},"end":{"line":34,"column":58}},"locations":[{"start":{"line":34,"column":46},"end":{"line":34,"column":58}}]},"6":{"type":"branch","line":40,"loc":{"start":{"line":40,"column":13},"end":{"line":40,"column":58}},"locations":[{"start":{"line":40,"column":13},"end":{"line":40,"column":58}}]},"7":{"type":"branch","line":40,"loc":{"start":{"line":40,"column":31},"end":{"line":40,"column":52}},"locations":[{"start":{"line":40,"column":31},"end":{"line":40,"column":52}}]},"8":{"type":"branch","line":40,"loc":{"start":{"line":40,"column":46},"end":{"line":40,"column":58}},"locations":[{"start":{"line":40,"column":46},"end":{"line":40,"column":58}}]}},"b":{"0":[7],"1":[2],"2":[5],"3":[7],"4":[2],"5":[5],"6":[7],"7":[2],"8":[5]},"fnMap":{},"f":{}}
,"/Users/santi/web/challenges/iot-dashboard/client/src/components/SensorCard/SensorCard.tsx": {"path":"/Users/santi/web/challenges/iot-dashboard/client/src/components/SensorCard/SensorCard.tsx","all":false,"statementMap":{"0":{"start":{"line":1,"column":0},"end":{"line":1,"column":44}},"1":{"start":{"line":2,"column":0},"end":{"line":2,"column":0}},"2":{"start":{"line":3,"column":0},"end":{"line":3,"column":69}},"3":{"start":{"line":4,"column":0},"end":{"line":4,"column":42}},"4":{"start":{"line":5,"column":0},"end":{"line":5,"column":36}},"5":{"start":{"line":6,"column":0},"end":{"line":6,"column":0}},"6":{"start":{"line":7,"column":0},"end":{"line":7,"column":69}},"7":{"start":{"line":8,"column":0},"end":{"line":8,"column":0}},"8":{"start":{"line":9,"column":0},"end":{"line":9,"column":17}},"9":{"start":{"line":10,"column":0},"end":{"line":10,"column":22}},"10":{"start":{"line":11,"column":0},"end":{"line":11,"column":74}},"11":{"start":{"line":12,"column":0},"end":{"line":12,"column":1}},"12":{"start":{"line":13,"column":0},"end":{"line":13,"column":0}},"13":{"start":{"line":14,"column":0},"end":{"line":14,"column":17}},"14":{"start":{"line":15,"column":0},"end":{"line":15,"column":89}},"15":{"start":{"line":16,"column":0},"end":{"line":16,"column":93}},"16":{"start":{"line":17,"column":0},"end":{"line":17,"column":2}},"17":{"start":{"line":18,"column":0},"end":{"line":18,"column":0}},"18":{"start":{"line":19,"column":0},"end":{"line":19,"column":30}},"19":{"start":{"line":20,"column":0},"end":{"line":20,"column":57}},"20":{"start":{"line":21,"column":0},"end":{"line":21,"column":62}},"21":{"start":{"line":22,"column":0},"end":{"line":22,"column":46}},"22":{"start":{"line":23,"column":0},"end":{"line":23,"column":6}},"23":{"start":{"line":24,"column":0},"end":{"line":24,"column":0}},"24":{"start":{"line":25,"column":0},"end":{"line":25,"column":41}},"25":{"start":{"line":26,"column":0},"end":{"line":26,"column":0}},"26":{"start":{"line":27,"column":0},"end":{"line":27,"column":12}},"27":{"start":{"line":28,"column":0},"end":{"line":28,"column":75}},"28":{"start":{"line":29,"column":0},"end":{"line":29,"column":35}},"29":{"start":{"line":30,"column":0},"end":{"line":30,"column":99}},"30":{"start":{"line":31,"column":0},"end":{"line":31,"column":27}},"31":{"start":{"line":32,"column":0},"end":{"line":32,"column":37}},"32":{"start":{"line":33,"column":0},"end":{"line":33,"column":10}},"33":{"start":{"line":34,"column":0},"end":{"line":34,"column":50}},"34":{"start":{"line":35,"column":0},"end":{"line":35,"column":45}},"35":{"start":{"line":36,"column":0},"end":{"line":36,"column":24}},"36":{"start":{"line":37,"column":0},"end":{"line":37,"column":71}},"37":{"start":{"line":38,"column":0},"end":{"line":38,"column":13}},"38":{"start":{"line":39,"column":0},"end":{"line":39,"column":6}},"39":{"start":{"line":40,"column":0},"end":{"line":40,"column":4}},"40":{"start":{"line":41,"column":0},"end":{"line":41,"column":29}},"41":{"start":{"line":42,"column":0},"end":{"line":42,"column":60}},"42":{"start":{"line":43,"column":0},"end":{"line":43,"column":18}},"43":{"start":{"line":44,"column":0},"end":{"line":44,"column":5}},"44":{"start":{"line":45,"column":0},"end":{"line":45,"column":0}},"45":{"start":{"line":46,"column":0},"end":{"line":46,"column":17}},"46":{"start":{"line":47,"column":0},"end":{"line":47,"column":4}},"47":{"start":{"line":48,"column":0},"end":{"line":48,"column":2}},"48":{"start":{"line":49,"column":0},"end":{"line":49,"column":0}},"49":{"start":{"line":50,"column":0},"end":{"line":50,"column":26}},"50":{"start":{"line":51,"column":0},"end":{"line":51,"column":0}},"51":{"start":{"line":52,"column":0},"end":{"line":52,"column":38}}},"s":{"0":1,"1":1,"2":1,"3":1,"4":1,"5":1,"6":1,"7":1,"8":1,"9":1,"10":1,"11":1,"12":1,"13":1,"14":1,"15":1,"16":1,"17":1,"18":1,"19":1,"20":7,"21":1,"22":1,"23":7,"24":7,"25":7,"26":7,"27":7,"28":7,"29":7,"30":7,"31":7,"32":7,"33":7,"34":7,"35":7,"36":7,"37":7,"38":7,"39":7,"40":1,"41":1,"42":1,"43":1,"44":0,"45":0,"46":1,"47":1,"48":1,"49":1,"50":1,"51":1},"branchMap":{"0":{"type":"branch","line":20,"loc":{"start":{"line":20,"column":2},"end":{"line":40,"column":4}},"locations":[{"start":{"line":20,"column":2},"end":{"line":40,"column":4}}]},"1":{"type":"branch","line":30,"loc":{"start":{"line":30,"column":24},"end":{"line":30,"column":69}},"locations":[{"start":{"line":30,"column":24},"end":{"line":30,"column":69}}]},"2":{"type":"branch","line":30,"loc":{"start":{"line":30,"column":57},"end":{"line":30,"column":99}},"locations":[{"start":{"line":30,"column":57},"end":{"line":30,"column":99}}]},"3":{"type":"branch","line":35,"loc":{"start":{"line":35,"column":18},"end":{"line":35,"column":31}},"locations":[{"start":{"line":35,"column":18},"end":{"line":35,"column":31}}]},"4":{"type":"branch","line":21,"loc":{"start":{"line":21,"column":24},"end":{"line":23,"column":6}},"locations":[{"start":{"line":21,"column":24},"end":{"line":23,"column":6}}]},"5":{"type":"branch","line":41,"loc":{"start":{"line":41,"column":2},"end":{"line":47,"column":4}},"locations":[{"start":{"line":41,"column":2},"end":{"line":47,"column":4}}]},"6":{"type":"branch","line":44,"loc":{"start":{"line":44,"column":4},"end":{"line":46,"column":17}},"locations":[{"start":{"line":44,"column":4},"end":{"line":46,"column":17}}]}},"b":{"0":[7],"1":[2],"2":[5],"3":[2],"4":[1],"5":[1],"6":[0]},"fnMap":{"0":{"name":"handleClick","decl":{"start":{"line":21,"column":24},"end":{"line":23,"column":6}},"loc":{"start":{"line":21,"column":24},"end":{"line":23,"column":6}},"line":21}},"f":{"0":1}}
,"/Users/santi/web/challenges/iot-dashboard/client/src/components/SensorCard/SensorCardWrapper.tsx": {"path":"/Users/santi/web/challenges/iot-dashboard/client/src/components/SensorCard/SensorCardWrapper.tsx","all":false,"statementMap":{"0":{"start":{"line":1,"column":0},"end":{"line":1,"column":54}},"1":{"start":{"line":2,"column":0},"end":{"line":2,"column":0}},"2":{"start":{"line":3,"column":0},"end":{"line":3,"column":38}},"3":{"start":{"line":4,"column":0},"end":{"line":4,"column":0}},"4":{"start":{"line":5,"column":0},"end":{"line":5,"column":74}},"5":{"start":{"line":6,"column":0},"end":{"line":6,"column":0}},"6":{"start":{"line":7,"column":0},"end":{"line":7,"column":17}},"7":{"start":{"line":8,"column":0},"end":{"line":8,"column":22}},"8":{"start":{"line":9,"column":0},"end":{"line":9,"column":74}},"9":{"start":{"line":10,"column":0},"end":{"line":10,"column":1}},"10":{"start":{"line":11,"column":0},"end":{"line":11,"column":0}},"11":{"start":{"line":12,"column":0},"end":{"line":12,"column":74}},"12":{"start":{"line":13,"column":0},"end":{"line":13,"column":55}},"13":{"start":{"line":14,"column":0},"end":{"line":14,"column":52}},"14":{"start":{"line":15,"column":0},"end":{"line":15,"column":18}},"15":{"start":{"line":16,"column":0},"end":{"line":16,"column":22}},"16":{"start":{"line":17,"column":0},"end":{"line":17,"column":5}},"17":{"start":{"line":18,"column":0},"end":{"line":18,"column":0}},"18":{"start":{"line":19,"column":0},"end":{"line":19,"column":83}},"19":{"start":{"line":20,"column":0},"end":{"line":20,"column":2}}},"s":{"0":1,"1":1,"2":1,"3":1,"4":1,"5":1,"6":1,"7":1,"8":1,"9":1,"10":1,"11":1,"12":6,"13":6,"14":6,"15":6,"16":6,"17":6,"18":6,"19":6},"branchMap":{"0":{"type":"branch","line":12,"loc":{"start":{"line":12,"column":33},"end":{"line":20,"column":2}},"locations":[{"start":{"line":12,"column":33},"end":{"line":20,"column":2}}]}},"b":{"0":[6]},"fnMap":{"0":{"name":"SensorCardWrapper","decl":{"start":{"line":12,"column":33},"end":{"line":20,"column":2}},"loc":{"start":{"line":12,"column":33},"end":{"line":20,"column":2}},"line":12}},"f":{"0":6}}
,"/Users/santi/web/challenges/iot-dashboard/client/src/components/Toggle/Toggle.styled.tsx": {"path":"/Users/santi/web/challenges/iot-dashboard/client/src/components/Toggle/Toggle.styled.tsx","all":false,"statementMap":{"0":{"start":{"line":1,"column":0},"end":{"line":1,"column":39}},"1":{"start":{"line":2,"column":0},"end":{"line":2,"column":0}},"2":{"start":{"line":3,"column":0},"end":{"line":3,"column":27}},"3":{"start":{"line":4,"column":0},"end":{"line":4,"column":21}},"4":{"start":{"line":5,"column":0},"end":{"line":5,"column":17}},"5":{"start":{"line":6,"column":0},"end":{"line":6,"column":1}},"6":{"start":{"line":7,"column":0},"end":{"line":7,"column":0}},"7":{"start":{"line":8,"column":0},"end":{"line":8,"column":37}},"8":{"start":{"line":9,"column":0},"end":{"line":9,"column":23}},"9":{"start":{"line":10,"column":0},"end":{"line":10,"column":15}},"10":{"start":{"line":11,"column":0},"end":{"line":11,"column":16}},"11":{"start":{"line":12,"column":0},"end":{"line":12,"column":30}},"12":{"start":{"line":13,"column":0},"end":{"line":13,"column":22}},"13":{"start":{"line":14,"column":0},"end":{"line":14,"column":11}},"14":{"start":{"line":15,"column":0},"end":{"line":15,"column":23}},"15":{"start":{"line":16,"column":0},"end":{"line":16,"column":13}},"16":{"start":{"line":17,"column":0},"end":{"line":17,"column":47}},"17":{"start":{"line":18,"column":0},"end":{"line":18,"column":48}},"18":{"start":{"line":19,"column":0},"end":{"line":19,"column":55}},"19":{"start":{"line":20,"column":0},"end":{"line":20,"column":54}},"20":{"start":{"line":21,"column":0},"end":{"line":21,"column":2}},"21":{"start":{"line":22,"column":0},"end":{"line":22,"column":0}},"22":{"start":{"line":23,"column":0},"end":{"line":23,"column":57}},"23":{"start":{"line":24,"column":0},"end":{"line":24,"column":18}},"24":{"start":{"line":25,"column":0},"end":{"line":25,"column":16}},"25":{"start":{"line":26,"column":0},"end":{"line":26,"column":26}},"26":{"start":{"line":27,"column":0},"end":{"line":27,"column":20}},"27":{"start":{"line":28,"column":0},"end":{"line":28,"column":20}},"28":{"start":{"line":29,"column":0},"end":{"line":29,"column":39}},"29":{"start":{"line":30,"column":0},"end":{"line":30,"column":49}},"30":{"start":{"line":31,"column":0},"end":{"line":31,"column":22}},"31":{"start":{"line":32,"column":0},"end":{"line":32,"column":23}},"32":{"start":{"line":33,"column":0},"end":{"line":33,"column":78}},"33":{"start":{"line":34,"column":0},"end":{"line":34,"column":56}},"34":{"start":{"line":35,"column":0},"end":{"line":35,"column":97}},"35":{"start":{"line":36,"column":0},"end":{"line":36,"column":62}},"36":{"start":{"line":37,"column":0},"end":{"line":37,"column":2}}},"s":{"0":1,"1":1,"2":1,"3":1,"4":1,"5":1,"6":1,"7":1,"8":1,"9":1,"10":1,"11":1,"12":1,"13":1,"14":1,"15":1,"16":1,"17":1,"18":1,"19":1,"20":1,"21":1,"22":1,"23":1,"24":1,"25":1,"26":1,"27":1,"28":1,"29":1,"30":1,"31":1,"32":1,"33":1,"34":1,"35":1,"36":1},"branchMap":{"0":{"type":"branch","line":33,"loc":{"start":{"line":33,"column":11},"end":{"line":33,"column":76}},"locations":[{"start":{"line":33,"column":11},"end":{"line":33,"column":76}}]},"1":{"type":"branch","line":33,"loc":{"start":{"line":33,"column":29},"end":{"line":33,"column":49}},"locations":[{"start":{"line":33,"column":29},"end":{"line":33,"column":49}}]},"2":{"type":"branch","line":33,"loc":{"start":{"line":33,"column":40},"end":{"line":33,"column":76}},"locations":[{"start":{"line":33,"column":40},"end":{"line":33,"column":76}}]},"3":{"type":"branch","line":34,"loc":{"start":{"line":34,"column":13},"end":{"line":34,"column":54}},"locations":[{"start":{"line":34,"column":13},"end":{"line":34,"column":54}}]},"4":{"type":"branch","line":34,"loc":{"start":{"line":34,"column":31},"end":{"line":34,"column":48}},"locations":[{"start":{"line":34,"column":31},"end":{"line":34,"column":48}}]},"5":{"type":"branch","line":34,"loc":{"start":{"line":34,"column":42},"end":{"line":34,"column":54}},"locations":[{"start":{"line":34,"column":42},"end":{"line":34,"column":54}}]},"6":{"type":"branch","line":35,"loc":{"start":{"line":35,"column":16},"end":{"line":35,"column":95}},"locations":[{"start":{"line":35,"column":16},"end":{"line":35,"column":95}}]},"7":{"type":"branch","line":35,"loc":{"start":{"line":35,"column":34},"end":{"line":35,"column":88}},"locations":[{"start":{"line":35,"column":34},"end":{"line":35,"column":88}}]},"8":{"type":"branch","line":35,"loc":{"start":{"line":35,"column":51},"end":{"line":35,"column":88}},"locations":[{"start":{"line":35,"column":51},"end":{"line":35,"column":88}}]},"9":{"type":"branch","line":35,"loc":{"start":{"line":35,"column":79},"end":{"line":35,"column":95}},"locations":[{"start":{"line":35,"column":79},"end":{"line":35,"column":95}}]},"10":{"type":"branch","line":36,"loc":{"start":{"line":36,"column":17},"end":{"line":36,"column":60}},"locations":[{"start":{"line":36,"column":17},"end":{"line":36,"column":60}}]},"11":{"type":"branch","line":36,"loc":{"start":{"line":36,"column":35},"end":{"line":36,"column":54}},"locations":[{"start":{"line":36,"column":35},"end":{"line":36,"column":54}}]},"12":{"type":"branch","line":36,"loc":{"start":{"line":36,"column":46},"end":{"line":36,"column":60}},"locations":[{"start":{"line":36,"column":46},"end":{"line":36,"column":60}}]}},"b":{"0":[38],"1":[19],"2":[19],"3":[38],"4":[19],"5":[19],"6":[38],"7":[19],"8":[11],"9":[19],"10":[38],"11":[19],"12":[19]},"fnMap":{"0":{"name":"Object.defineProperty.enumerable","decl":{"start":{"line":33,"column":11},"end":{"line":33,"column":76}},"loc":{"start":{"line":33,"column":11},"end":{"line":33,"column":76}},"line":33},"1":{"name":"Object.defineProperty.enumerable","decl":{"start":{"line":34,"column":13},"end":{"line":34,"column":54}},"loc":{"start":{"line":34,"column":13},"end":{"line":34,"column":54}},"line":34},"2":{"name":"Object.defineProperty.enumerable","decl":{"start":{"line":35,"column":16},"end":{"line":35,"column":95}},"loc":{"start":{"line":35,"column":16},"end":{"line":35,"column":95}},"line":35}},"f":{"0":38,"1":38,"2":38}}
,"/Users/santi/web/challenges/iot-dashboard/client/src/components/Toggle/Toggle.tsx": {"path":"/Users/santi/web/challenges/iot-dashboard/client/src/components/Toggle/Toggle.tsx","all":false,"statementMap":{"0":{"start":{"line":1,"column":0},"end":{"line":1,"column":47}},"1":{"start":{"line":2,"column":0},"end":{"line":2,"column":0}},"2":{"start":{"line":3,"column":0},"end":{"line":3,"column":57}},"3":{"start":{"line":4,"column":0},"end":{"line":4,"column":0}},"4":{"start":{"line":5,"column":0},"end":{"line":5,"column":21}},"5":{"start":{"line":6,"column":0},"end":{"line":6,"column":16}},"6":{"start":{"line":7,"column":0},"end":{"line":7,"column":11}},"7":{"start":{"line":8,"column":0},"end":{"line":8,"column":17}},"8":{"start":{"line":9,"column":0},"end":{"line":9,"column":1}},"9":{"start":{"line":10,"column":0},"end":{"line":10,"column":0}},"10":{"start":{"line":11,"column":0},"end":{"line":11,"column":29}},"11":{"start":{"line":12,"column":0},"end":{"line":12,"column":23}},"12":{"start":{"line":13,"column":0},"end":{"line":13,"column":33}},"13":{"start":{"line":14,"column":0},"end":{"line":14,"column":19}},"14":{"start":{"line":15,"column":0},"end":{"line":15,"column":17}},"15":{"start":{"line":16,"column":0},"end":{"line":16,"column":1}},"16":{"start":{"line":17,"column":0},"end":{"line":17,"column":0}},"17":{"start":{"line":18,"column":0},"end":{"line":18,"column":45}},"18":{"start":{"line":19,"column":0},"end":{"line":19,"column":15}},"19":{"start":{"line":20,"column":0},"end":{"line":20,"column":10}},"20":{"start":{"line":21,"column":0},"end":{"line":21,"column":16}},"21":{"start":{"line":22,"column":0},"end":{"line":22,"column":28}},"22":{"start":{"line":23,"column":0},"end":{"line":23,"column":84}},"23":{"start":{"line":24,"column":0},"end":{"line":24,"column":0}},"24":{"start":{"line":25,"column":0},"end":{"line":25,"column":36}},"25":{"start":{"line":26,"column":0},"end":{"line":26,"column":30}},"26":{"start":{"line":27,"column":0},"end":{"line":27,"column":26}},"27":{"start":{"line":28,"column":0},"end":{"line":28,"column":26}},"28":{"start":{"line":29,"column":0},"end":{"line":29,"column":5}},"29":{"start":{"line":30,"column":0},"end":{"line":30,"column":4}},"30":{"start":{"line":31,"column":0},"end":{"line":31,"column":0}},"31":{"start":{"line":32,"column":0},"end":{"line":32,"column":10}},"32":{"start":{"line":33,"column":0},"end":{"line":33,"column":16}},"33":{"start":{"line":34,"column":0},"end":{"line":34,"column":32}},"34":{"start":{"line":35,"column":0},"end":{"line":35,"column":19}},"35":{"start":{"line":36,"column":0},"end":{"line":36,"column":28}},"36":{"start":{"line":37,"column":0},"end":{"line":37,"column":30}},"37":{"start":{"line":38,"column":0},"end":{"line":38,"column":48}},"38":{"start":{"line":39,"column":0},"end":{"line":39,"column":51}},"39":{"start":{"line":40,"column":0},"end":{"line":40,"column":9}},"40":{"start":{"line":41,"column":0},"end":{"line":41,"column":24}},"41":{"start":{"line":42,"column":0},"end":{"line":42,"column":21}},"42":{"start":{"line":43,"column":0},"end":{"line":43,"column":9}},"43":{"start":{"line":44,"column":0},"end":{"line":44,"column":17}},"44":{"start":{"line":45,"column":0},"end":{"line":45,"column":4}},"45":{"start":{"line":46,"column":0},"end":{"line":46,"column":2}}},"s":{"0":1,"1":1,"2":1,"3":1,"4":1,"5":1,"6":1,"7":1,"8":1,"9":1,"10":1,"11":1,"12":1,"13":1,"14":1,"15":1,"16":1,"17":1,"18":19,"19":19,"20":19,"21":19,"22":19,"23":19,"24":19,"25":5,"26":4,"27":4,"28":4,"29":5,"30":19,"31":19,"32":19,"33":19,"34":38,"35":38,"36":38,"37":38,"38":38,"39":38,"40":38,"41":38,"42":19,"43":19,"44":19,"45":19},"branchMap":{"0":{"type":"branch","line":18,"loc":{"start":{"line":18,"column":22},"end":{"line":46,"column":2}},"locations":[{"start":{"line":18,"column":22},"end":{"line":46,"column":2}}]},"1":{"type":"branch","line":23,"loc":{"start":{"line":23,"column":50},"end":{"line":23,"column":82}},"locations":[{"start":{"line":23,"column":50},"end":{"line":23,"column":82}}]},"2":{"type":"branch","line":25,"loc":{"start":{"line":25,"column":22},"end":{"line":30,"column":4}},"locations":[{"start":{"line":25,"column":22},"end":{"line":30,"column":4}}]},"3":{"type":"branch","line":26,"loc":{"start":{"line":26,"column":29},"end":{"line":29,"column":5}},"locations":[{"start":{"line":26,"column":29},"end":{"line":29,"column":5}}]},"4":{"type":"branch","line":34,"loc":{"start":{"line":34,"column":19},"end":{"line":42,"column":21}},"locations":[{"start":{"line":34,"column":19},"end":{"line":42,"column":21}}]},"5":{"type":"branch","line":39,"loc":{"start":{"line":39,"column":19},"end":{"line":39,"column":51}},"locations":[{"start":{"line":39,"column":19},"end":{"line":39,"column":51}}]}},"b":{"0":[19],"1":[3],"2":[5],"3":[4],"4":[38],"5":[5]},"fnMap":{"0":{"name":"Toggle","decl":{"start":{"line":18,"column":22},"end":{"line":46,"column":2}},"loc":{"start":{"line":18,"column":22},"end":{"line":46,"column":2}},"line":18},"1":{"name":"handleClick","decl":{"start":{"line":25,"column":22},"end":{"line":30,"column":4}},"loc":{"start":{"line":25,"column":22},"end":{"line":30,"column":4}},"line":25},"2":{"name":"onClick","decl":{"start":{"line":39,"column":19},"end":{"line":39,"column":51}},"loc":{"start":{"line":39,"column":19},"end":{"line":39,"column":51}},"line":39}},"f":{"0":19,"1":5,"2":5}}
,"/Users/santi/web/challenges/iot-dashboard/client/src/constants/index.ts": {"path":"/Users/santi/web/challenges/iot-dashboard/client/src/constants/index.ts","all":false,"statementMap":{"0":{"start":{"line":1,"column":0},"end":{"line":1,"column":48}}},"s":{"0":1},"branchMap":{},"b":{},"fnMap":{},"f":{}}
,"/Users/santi/web/challenges/iot-dashboard/client/src/contexts/SocketContext.tsx": {"path":"/Users/santi/web/challenges/iot-dashboard/client/src/contexts/SocketContext.tsx","all":false,"statementMap":{"0":{"start":{"line":1,"column":0},"end":{"line":1,"column":8}},"1":{"start":{"line":2,"column":0},"end":{"line":2,"column":9}},"2":{"start":{"line":3,"column":0},"end":{"line":3,"column":16}},"3":{"start":{"line":4,"column":0},"end":{"line":4,"column":20}},"4":{"start":{"line":5,"column":0},"end":{"line":5,"column":15}},"5":{"start":{"line":6,"column":0},"end":{"line":6,"column":12}},"6":{"start":{"line":7,"column":0},"end":{"line":7,"column":11}},"7":{"start":{"line":8,"column":0},"end":{"line":8,"column":10}},"8":{"start":{"line":9,"column":0},"end":{"line":9,"column":15}},"9":{"start":{"line":10,"column":0},"end":{"line":10,"column":0}},"10":{"start":{"line":11,"column":0},"end":{"line":11,"column":42}},"11":{"start":{"line":12,"column":0},"end":{"line":12,"column":0}},"12":{"start":{"line":13,"column":0},"end":{"line":13,"column":51}},"13":{"start":{"line":14,"column":0},"end":{"line":14,"column":0}},"14":{"start":{"line":15,"column":0},"end":{"line":15,"column":44}},"15":{"start":{"line":16,"column":0},"end":{"line":16,"column":28}},"16":{"start":{"line":17,"column":0},"end":{"line":17,"column":0}},"17":{"start":{"line":18,"column":0},"end":{"line":18,"column":31}},"18":{"start":{"line":19,"column":0},"end":{"line":19,"column":19}},"19":{"start":{"line":20,"column":0},"end":{"line":20,"column":38}},"20":{"start":{"line":21,"column":0},"end":{"line":21,"column":38}},"21":{"start":{"line":22,"column":0},"end":{"line":22,"column":1}},"22":{"start":{"line":23,"column":0},"end":{"line":23,"column":0}},"23":{"start":{"line":24,"column":0},"end":{"line":24,"column":22}},"24":{"start":{"line":25,"column":0},"end":{"line":25,"column":17}},"25":{"start":{"line":26,"column":0},"end":{"line":26,"column":44}},"26":{"start":{"line":27,"column":0},"end":{"line":27,"column":44}},"27":{"start":{"line":28,"column":0},"end":{"line":28,"column":2}},"28":{"start":{"line":29,"column":0},"end":{"line":29,"column":0}},"29":{"start":{"line":30,"column":0},"end":{"line":30,"column":78}},"30":{"start":{"line":31,"column":0},"end":{"line":31,"column":0}},"31":{"start":{"line":32,"column":0},"end":{"line":32,"column":82}},"32":{"start":{"line":33,"column":0},"end":{"line":33,"column":48}},"33":{"start":{"line":34,"column":0},"end":{"line":34,"column":60}},"34":{"start":{"line":35,"column":0},"end":{"line":35,"column":58}},"35":{"start":{"line":36,"column":0},"end":{"line":36,"column":0}},"36":{"start":{"line":37,"column":0},"end":{"line":37,"column":41}},"37":{"start":{"line":38,"column":0},"end":{"line":38,"column":41}},"38":{"start":{"line":39,"column":0},"end":{"line":39,"column":4}},"39":{"start":{"line":40,"column":0},"end":{"line":40,"column":0}},"40":{"start":{"line":41,"column":0},"end":{"line":41,"column":41}},"41":{"start":{"line":42,"column":0},"end":{"line":42,"column":52}},"42":{"start":{"line":43,"column":0},"end":{"line":43,"column":4}},"43":{"start":{"line":44,"column":0},"end":{"line":44,"column":0}},"44":{"start":{"line":45,"column":0},"end":{"line":45,"column":19}},"45":{"start":{"line":46,"column":0},"end":{"line":46,"column":34}},"46":{"start":{"line":47,"column":0},"end":{"line":47,"column":0}},"47":{"start":{"line":48,"column":0},"end":{"line":48,"column":31}},"48":{"start":{"line":49,"column":0},"end":{"line":49,"column":37}},"49":{"start":{"line":50,"column":0},"end":{"line":50,"column":0}},"50":{"start":{"line":51,"column":0},"end":{"line":51,"column":42}},"51":{"start":{"line":52,"column":0},"end":{"line":52,"column":0}},"52":{"start":{"line":53,"column":0},"end":{"line":53,"column":35}},"53":{"start":{"line":54,"column":0},"end":{"line":54,"column":76}},"54":{"start":{"line":55,"column":0},"end":{"line":55,"column":8}},"55":{"start":{"line":56,"column":0},"end":{"line":56,"column":0}},"56":{"start":{"line":57,"column":0},"end":{"line":57,"column":36}},"57":{"start":{"line":58,"column":0},"end":{"line":58,"column":5}},"58":{"start":{"line":59,"column":0},"end":{"line":59,"column":0}},"59":{"start":{"line":60,"column":0},"end":{"line":60,"column":18}},"60":{"start":{"line":61,"column":0},"end":{"line":61,"column":33}},"61":{"start":{"line":62,"column":0},"end":{"line":62,"column":19}},"62":{"start":{"line":63,"column":0},"end":{"line":63,"column":7}},"63":{"start":{"line":64,"column":0},"end":{"line":64,"column":6}},"64":{"start":{"line":65,"column":0},"end":{"line":65,"column":18}},"65":{"start":{"line":66,"column":0},"end":{"line":66,"column":0}},"66":{"start":{"line":67,"column":0},"end":{"line":67,"column":24}},"67":{"start":{"line":68,"column":0},"end":{"line":68,"column":12}},"68":{"start":{"line":69,"column":0},"end":{"line":69,"column":18}},"69":{"start":{"line":70,"column":0},"end":{"line":70,"column":14}},"70":{"start":{"line":71,"column":0},"end":{"line":71,"column":18}},"71":{"start":{"line":72,"column":0},"end":{"line":72,"column":7}},"72":{"start":{"line":73,"column":0},"end":{"line":73,"column":14}},"73":{"start":{"line":74,"column":0},"end":{"line":74,"column":4}},"74":{"start":{"line":75,"column":0},"end":{"line":75,"column":0}},"75":{"start":{"line":76,"column":0},"end":{"line":76,"column":89}},"76":{"start":{"line":77,"column":0},"end":{"line":77,"column":2}}},"s":{"0":1,"1":1,"2":1,"3":1,"4":1,"5":1,"6":1,"7":1,"8":1,"9":1,"10":1,"11":1,"12":1,"13":1,"14":1,"15":1,"16":1,"17":1,"18":1,"19":1,"20":1,"21":1,"22":1,"23":1,"24":1,"25":1,"26":1,"27":1,"28":1,"29":1,"30":1,"31":1,"32":7,"33":7,"34":7,"35":7,"36":7,"37":1,"38":1,"39":7,"40":7,"41":1,"42":1,"43":7,"44":7,"45":7,"46":7,"47":7,"48":1,"49":1,"50":1,"51":1,"52":1,"53":0,"54":0,"55":1,"56":1,"57":1,"58":7,"59":7,"60":7,"61":0,"62":0,"63":7,"64":7,"65":7,"66":7,"67":7,"68":6,"69":6,"70":6,"71":6,"72":7,"73":7,"74":7,"75":7,"76":7},"branchMap":{"0":{"type":"branch","line":32,"loc":{"start":{"line":32,"column":37},"end":{"line":77,"column":2}},"locations":[{"start":{"line":32,"column":37},"end":{"line":77,"column":2}}]},"1":{"type":"branch","line":37,"loc":{"start":{"line":37,"column":22},"end":{"line":39,"column":4}},"locations":[{"start":{"line":37,"column":22},"end":{"line":39,"column":4}}]},"2":{"type":"branch","line":41,"loc":{"start":{"line":41,"column":22},"end":{"line":43,"column":4}},"locations":[{"start":{"line":41,"column":22},"end":{"line":43,"column":4}}]},"3":{"type":"branch","line":42,"loc":{"start":{"line":42,"column":17},"end":{"line":42,"column":50}},"locations":[{"start":{"line":42,"column":17},"end":{"line":42,"column":50}}]},"4":{"type":"branch","line":45,"loc":{"start":{"line":45,"column":12},"end":{"line":65,"column":5}},"locations":[{"start":{"line":45,"column":12},"end":{"line":65,"column":5}}]},"5":{"type":"branch","line":48,"loc":{"start":{"line":48,"column":30},"end":{"line":58,"column":5}},"locations":[{"start":{"line":48,"column":30},"end":{"line":58,"column":5}}]},"6":{"type":"branch","line":60,"loc":{"start":{"line":60,"column":11},"end":{"line":64,"column":6}},"locations":[{"start":{"line":60,"column":11},"end":{"line":64,"column":6}}]},"7":{"type":"branch","line":61,"loc":{"start":{"line":61,"column":10},"end":{"line":61,"column":29}},"locations":[{"start":{"line":61,"column":10},"end":{"line":61,"column":29}}]},"8":{"type":"branch","line":61,"loc":{"start":{"line":61,"column":32},"end":{"line":63,"column":7}},"locations":[{"start":{"line":61,"column":32},"end":{"line":63,"column":7}}]},"9":{"type":"branch","line":68,"loc":{"start":{"line":68,"column":4},"end":{"line":72,"column":7}},"locations":[{"start":{"line":68,"column":4},"end":{"line":72,"column":7}}]}},"b":{"0":[7],"1":[1],"2":[1],"3":[1],"4":[7],"5":[1],"6":[7],"7":[1],"8":[0],"9":[6]},"fnMap":{"0":{"name":"sendMessage","decl":{"start":{"line":26,"column":15},"end":{"line":26,"column":44}},"loc":{"start":{"line":26,"column":15},"end":{"line":26,"column":44}},"line":26},"1":{"name":"addListener","decl":{"start":{"line":27,"column":15},"end":{"line":27,"column":44}},"loc":{"start":{"line":27,"column":15},"end":{"line":27,"column":44}},"line":27},"2":{"name":"SocketContextProvider","decl":{"start":{"line":32,"column":37},"end":{"line":77,"column":2}},"loc":{"start":{"line":32,"column":37},"end":{"line":77,"column":2}},"line":32},"3":{"name":"sendMessage","decl":{"start":{"line":37,"column":22},"end":{"line":39,"column":4}},"loc":{"start":{"line":37,"column":22},"end":{"line":39,"column":4}},"line":37},"4":{"name":"addListener","decl":{"start":{"line":41,"column":22},"end":{"line":43,"column":4}},"loc":{"start":{"line":41,"column":22},"end":{"line":43,"column":4}},"line":41},"5":{"name":"ws.onerror","decl":{"start":{"line":51,"column":19},"end":{"line":51,"column":42}},"loc":{"start":{"line":51,"column":19},"end":{"line":51,"column":42}},"line":51},"6":{"name":"ws.onmessage","decl":{"start":{"line":53,"column":21},"end":{"line":55,"column":8}},"loc":{"start":{"line":53,"column":21},"end":{"line":55,"column":8}},"line":53}},"f":{"0":0,"1":0,"2":7,"3":1,"4":1,"5":0,"6":0}}
,"/Users/santi/web/challenges/iot-dashboard/client/src/hooks/useSocketContext.tsx": {"path":"/Users/santi/web/challenges/iot-dashboard/client/src/hooks/useSocketContext.tsx","all":false,"statementMap":{"0":{"start":{"line":1,"column":0},"end":{"line":1,"column":35}},"1":{"start":{"line":2,"column":0},"end":{"line":2,"column":0}},"2":{"start":{"line":3,"column":0},"end":{"line":3,"column":58}},"3":{"start":{"line":4,"column":0},"end":{"line":4,"column":0}},"4":{"start":{"line":5,"column":0},"end":{"line":5,"column":39}},"5":{"start":{"line":6,"column":0},"end":{"line":6,"column":44}},"6":{"start":{"line":7,"column":0},"end":{"line":7,"column":0}},"7":{"start":{"line":8,"column":0},"end":{"line":8,"column":30}},"8":{"start":{"line":9,"column":0},"end":{"line":9,"column":87}},"9":{"start":{"line":10,"column":0},"end":{"line":10,"column":3}},"10":{"start":{"line":11,"column":0},"end":{"line":11,"column":0}},"11":{"start":{"line":12,"column":0},"end":{"line":12,"column":17}},"12":{"start":{"line":13,"column":0},"end":{"line":13,"column":2}}},"s":{"0":1,"1":1,"2":1,"3":1,"4":1,"5":2,"6":2,"7":2,"8":0,"9":0,"10":2,"11":2,"12":2},"branchMap":{"0":{"type":"branch","line":5,"loc":{"start":{"line":5,"column":32},"end":{"line":13,"column":2}},"locations":[{"start":{"line":5,"column":32},"end":{"line":13,"column":2}}]},"1":{"type":"branch","line":8,"loc":{"start":{"line":8,"column":29},"end":{"line":10,"column":3}},"locations":[{"start":{"line":8,"column":29},"end":{"line":10,"column":3}}]}},"b":{"0":[2],"1":[0]},"fnMap":{"0":{"name":"useSocketContext","decl":{"start":{"line":5,"column":32},"end":{"line":13,"column":2}},"loc":{"start":{"line":5,"column":32},"end":{"line":13,"column":2}},"line":5}},"f":{"0":2}}
,"/Users/santi/web/challenges/iot-dashboard/client/src/hooks/useThrottle.ts": {"path":"/Users/santi/web/challenges/iot-dashboard/client/src/hooks/useThrottle.ts","all":false,"statementMap":{"0":{"start":{"line":1,"column":0},"end":{"line":1,"column":52}},"1":{"start":{"line":2,"column":0},"end":{"line":2,"column":0}},"2":{"start":{"line":3,"column":0},"end":{"line":3,"column":32}},"3":{"start":{"line":4,"column":0},"end":{"line":4,"column":11}},"4":{"start":{"line":5,"column":0},"end":{"line":5,"column":30}},"5":{"start":{"line":6,"column":0},"end":{"line":6,"column":20}},"6":{"start":{"line":7,"column":0},"end":{"line":7,"column":1}},"7":{"start":{"line":8,"column":0},"end":{"line":8,"column":32}},"8":{"start":{"line":9,"column":0},"end":{"line":9,"column":8}},"9":{"start":{"line":10,"column":0},"end":{"line":10,"column":20}},"10":{"start":{"line":11,"column":0},"end":{"line":11,"column":18}},"11":{"start":{"line":12,"column":0},"end":{"line":12,"column":32}},"12":{"start":{"line":13,"column":0},"end":{"line":13,"column":65}},"13":{"start":{"line":14,"column":0},"end":{"line":14,"column":50}},"14":{"start":{"line":15,"column":0},"end":{"line":15,"column":0}},"15":{"start":{"line":16,"column":0},"end":{"line":16,"column":19}},"16":{"start":{"line":17,"column":0},"end":{"line":17,"column":28}},"17":{"start":{"line":18,"column":0},"end":{"line":18,"column":31}},"18":{"start":{"line":19,"column":0},"end":{"line":19,"column":0}},"19":{"start":{"line":20,"column":0},"end":{"line":20,"column":13}},"20":{"start":{"line":21,"column":0},"end":{"line":21,"column":5}},"21":{"start":{"line":22,"column":0},"end":{"line":22,"column":56}},"22":{"start":{"line":23,"column":0},"end":{"line":23,"column":40}},"23":{"start":{"line":24,"column":0},"end":{"line":24,"column":31}},"24":{"start":{"line":25,"column":0},"end":{"line":25,"column":12}},"25":{"start":{"line":26,"column":0},"end":{"line":26,"column":40}},"26":{"start":{"line":27,"column":0},"end":{"line":27,"column":42}},"27":{"start":{"line":28,"column":0},"end":{"line":28,"column":33}},"28":{"start":{"line":29,"column":0},"end":{"line":29,"column":19}},"29":{"start":{"line":30,"column":0},"end":{"line":30,"column":0}},"30":{"start":{"line":31,"column":0},"end":{"line":31,"column":41}},"31":{"start":{"line":32,"column":0},"end":{"line":32,"column":5}},"32":{"start":{"line":33,"column":0},"end":{"line":33,"column":43}},"33":{"start":{"line":34,"column":0},"end":{"line":34,"column":0}},"34":{"start":{"line":35,"column":0},"end":{"line":35,"column":24}},"35":{"start":{"line":36,"column":0},"end":{"line":36,"column":2}}},"s":{"0":1,"1":1,"2":1,"3":1,"4":1,"5":1,"6":1,"7":1,"8":10,"9":10,"10":10,"11":10,"12":10,"13":10,"14":10,"15":10,"16":7,"17":4,"18":4,"19":4,"20":4,"21":4,"22":1,"23":1,"24":7,"25":2,"26":1,"27":1,"28":2,"29":2,"30":2,"31":2,"32":10,"33":10,"34":10,"35":10},"branchMap":{"0":{"type":"branch","line":8,"loc":{"start":{"line":8,"column":27},"end":{"line":36,"column":2}},"locations":[{"start":{"line":8,"column":27},"end":{"line":36,"column":2}}]},"1":{"type":"branch","line":16,"loc":{"start":{"line":16,"column":12},"end":{"line":33,"column":5}},"locations":[{"start":{"line":16,"column":12},"end":{"line":33,"column":5}}]},"2":{"type":"branch","line":17,"loc":{"start":{"line":17,"column":27},"end":{"line":25,"column":11}},"locations":[{"start":{"line":17,"column":27},"end":{"line":25,"column":11}}]},"3":{"type":"branch","line":21,"loc":{"start":{"line":21,"column":4},"end":{"line":22,"column":55}},"locations":[{"start":{"line":21,"column":4},"end":{"line":22,"column":55}}]},"4":{"type":"branch","line":22,"loc":{"start":{"line":22,"column":55},"end":{"line":25,"column":11}},"locations":[{"start":{"line":22,"column":55},"end":{"line":25,"column":11}}]},"5":{"type":"branch","line":25,"loc":{"start":{"line":25,"column":4},"end":{"line":32,"column":5}},"locations":[{"start":{"line":25,"column":4},"end":{"line":32,"column":5}}]},"6":{"type":"branch","line":26,"loc":{"start":{"line":26,"column":33},"end":{"line":29,"column":9}},"locations":[{"start":{"line":26,"column":33},"end":{"line":29,"column":9}}]},"7":{"type":"branch","line":31,"loc":{"start":{"line":31,"column":13},"end":{"line":31,"column":41}},"locations":[{"start":{"line":31,"column":13},"end":{"line":31,"column":41}}]}},"b":{"0":[10],"1":[7],"2":[4],"3":[3],"4":[1],"5":[2],"6":[1],"7":[2]},"fnMap":{"0":{"name":"useThrottle","decl":{"start":{"line":8,"column":27},"end":{"line":36,"column":2}},"loc":{"start":{"line":8,"column":27},"end":{"line":36,"column":2}},"line":8}},"f":{"0":10}}
,"/Users/santi/web/challenges/iot-dashboard/client/src/model/Sensor.ts": {"path":"/Users/santi/web/challenges/iot-dashboard/client/src/model/Sensor.ts","all":false,"statementMap":{"0":{"start":{"line":1,"column":0},"end":{"line":1,"column":30}},"1":{"start":{"line":2,"column":0},"end":{"line":2,"column":13}},"2":{"start":{"line":3,"column":0},"end":{"line":3,"column":15}},"3":{"start":{"line":4,"column":0},"end":{"line":4,"column":21}},"4":{"start":{"line":5,"column":0},"end":{"line":5,"column":15}},"5":{"start":{"line":6,"column":0},"end":{"line":6,"column":23}},"6":{"start":{"line":7,"column":0},"end":{"line":7,"column":1}},"7":{"start":{"line":8,"column":0},"end":{"line":8,"column":0}},"8":{"start":{"line":9,"column":0},"end":{"line":9,"column":32}},"9":{"start":{"line":10,"column":0},"end":{"line":10,"column":24}},"10":{"start":{"line":11,"column":0},"end":{"line":11,"column":28}},"11":{"start":{"line":12,"column":0},"end":{"line":12,"column":1}}},"s":{"0":1,"1":1,"2":1,"3":1,"4":1,"5":1,"6":1,"7":1,"8":1,"9":1,"10":1,"11":1},"branchMap":{"0":{"type":"branch","line":9,"loc":{"start":{"line":9,"column":7},"end":{"line":9,"column":32}},"locations":[{"start":{"line":9,"column":7},"end":{"line":9,"column":32}}]}},"b":{"0":[2]},"fnMap":{},"f":{}}
,"/Users/santi/web/challenges/iot-dashboard/client/src/utils/testUtils.tsx": {"path":"/Users/santi/web/challenges/iot-dashboard/client/src/utils/testUtils.tsx","all":false,"statementMap":{"0":{"start":{"line":1,"column":0},"end":{"line":1,"column":57}},"1":{"start":{"line":2,"column":0},"end":{"line":2,"column":76}},"2":{"start":{"line":3,"column":0},"end":{"line":3,"column":50}},"3":{"start":{"line":4,"column":0},"end":{"line":4,"column":56}},"4":{"start":{"line":5,"column":0},"end":{"line":5,"column":0}},"5":{"start":{"line":6,"column":0},"end":{"line":6,"column":33}},"6":{"start":{"line":7,"column":0},"end":{"line":7,"column":0}},"7":{"start":{"line":8,"column":0},"end":{"line":8,"column":70}},"8":{"start":{"line":9,"column":0},"end":{"line":9,"column":65}},"9":{"start":{"line":10,"column":0},"end":{"line":10,"column":2}},"10":{"start":{"line":11,"column":0},"end":{"line":11,"column":0}},"11":{"start":{"line":12,"column":0},"end":{"line":12,"column":68}},"12":{"start":{"line":13,"column":0},"end":{"line":13,"column":59}},"13":{"start":{"line":14,"column":0},"end":{"line":14,"column":0}},"14":{"start":{"line":15,"column":0},"end":{"line":15,"column":39}},"15":{"start":{"line":16,"column":0},"end":{"line":16,"column":0}},"16":{"start":{"line":17,"column":0},"end":{"line":17,"column":18}}},"s":{"0":1,"1":1,"2":1,"3":1,"4":1,"5":1,"6":1,"7":1,"8":9,"9":9,"10":1,"11":1,"12":9,"13":1,"14":1,"15":1,"16":1},"branchMap":{"0":{"type":"branch","line":8,"loc":{"start":{"line":8,"column":18},"end":{"line":10,"column":2}},"locations":[{"start":{"line":8,"column":18},"end":{"line":10,"column":2}}]},"1":{"type":"branch","line":12,"loc":{"start":{"line":12,"column":15},"end":{"line":13,"column":59}},"locations":[{"start":{"line":12,"column":15},"end":{"line":13,"column":59}}]}},"b":{"0":[9],"1":[9]},"fnMap":{"0":{"name":"Providers","decl":{"start":{"line":8,"column":18},"end":{"line":10,"column":2}},"loc":{"start":{"line":8,"column":18},"end":{"line":10,"column":2}},"line":8},"1":{"name":"render","decl":{"start":{"line":12,"column":15},"end":{"line":13,"column":59}},"loc":{"start":{"line":12,"column":15},"end":{"line":13,"column":59}},"line":12}},"f":{"0":9,"1":9}}
,"/Users/santi/web/challenges/iot-dashboard/client/src/views/Dashboard.styled.tsx": {"path":"/Users/santi/web/challenges/iot-dashboard/client/src/views/Dashboard.styled.tsx","all":false,"statementMap":{"0":{"start":{"line":1,"column":0},"end":{"line":1,"column":43}},"1":{"start":{"line":2,"column":0},"end":{"line":2,"column":0}},"2":{"start":{"line":3,"column":0},"end":{"line":3,"column":41}},"3":{"start":{"line":4,"column":0},"end":{"line":4,"column":16}},"4":{"start":{"line":5,"column":0},"end":{"line":5,"column":26}},"5":{"start":{"line":6,"column":0},"end":{"line":6,"column":20}},"6":{"start":{"line":7,"column":0},"end":{"line":7,"column":2}},"7":{"start":{"line":8,"column":0},"end":{"line":8,"column":0}},"8":{"start":{"line":9,"column":0},"end":{"line":9,"column":43}},"9":{"start":{"line":10,"column":0},"end":{"line":10,"column":14}},"10":{"start":{"line":11,"column":0},"end":{"line":11,"column":20}},"11":{"start":{"line":12,"column":0},"end":{"line":12,"column":2}},"12":{"start":{"line":13,"column":0},"end":{"line":13,"column":0}},"13":{"start":{"line":14,"column":0},"end":{"line":14,"column":41}},"14":{"start":{"line":15,"column":0},"end":{"line":15,"column":16}},"15":{"start":{"line":16,"column":0},"end":{"line":16,"column":18}},"16":{"start":{"line":17,"column":0},"end":{"line":17,"column":2}},"17":{"start":{"line":18,"column":0},"end":{"line":18,"column":0}},"18":{"start":{"line":19,"column":0},"end":{"line":19,"column":35}},"19":{"start":{"line":20,"column":0},"end":{"line":20,"column":21}},"20":{"start":{"line":21,"column":0},"end":{"line":21,"column":2}},"21":{"start":{"line":22,"column":0},"end":{"line":22,"column":0}},"22":{"start":{"line":23,"column":0},"end":{"line":23,"column":40}},"23":{"start":{"line":24,"column":0},"end":{"line":24,"column":21}},"24":{"start":{"line":25,"column":0},"end":{"line":25,"column":2}},"25":{"start":{"line":26,"column":0},"end":{"line":26,"column":0}},"26":{"start":{"line":27,"column":0},"end":{"line":27,"column":47}},"27":{"start":{"line":28,"column":0},"end":{"line":28,"column":21}},"28":{"start":{"line":29,"column":0},"end":{"line":29,"column":18}},"29":{"start":{"line":30,"column":0},"end":{"line":30,"column":2}}},"s":{"0":1,"1":1,"2":1,"3":1,"4":1,"5":1,"6":1,"7":1,"8":1,"9":1,"10":1,"11":1,"12":1,"13":1,"14":1,"15":1,"16":1,"17":1,"18":1,"19":1,"20":1,"21":1,"22":1,"23":1,"24":1,"25":1,"26":1,"27":1,"28":1,"29":1},"branchMap":{},"b":{},"fnMap":{},"f":{}}
,"/Users/santi/web/challenges/iot-dashboard/client/src/views/Dashboard.tsx": {"path":"/Users/santi/web/challenges/iot-dashboard/client/src/views/Dashboard.tsx","all":false,"statementMap":{"0":{"start":{"line":1,"column":0},"end":{"line":1,"column":52}},"1":{"start":{"line":2,"column":0},"end":{"line":2,"column":0}},"2":{"start":{"line":3,"column":0},"end":{"line":3,"column":71}},"3":{"start":{"line":4,"column":0},"end":{"line":4,"column":53}},"4":{"start":{"line":5,"column":0},"end":{"line":5,"column":53}},"5":{"start":{"line":6,"column":0},"end":{"line":6,"column":61}},"6":{"start":{"line":7,"column":0},"end":{"line":7,"column":79}},"7":{"start":{"line":8,"column":0},"end":{"line":8,"column":0}},"8":{"start":{"line":9,"column":0},"end":{"line":9,"column":47}},"9":{"start":{"line":10,"column":0},"end":{"line":10,"column":8}},"10":{"start":{"line":11,"column":0},"end":{"line":11,"column":16}},"11":{"start":{"line":12,"column":0},"end":{"line":12,"column":19}},"12":{"start":{"line":13,"column":0},"end":{"line":13,"column":12}},"13":{"start":{"line":14,"column":0},"end":{"line":14,"column":17}},"14":{"start":{"line":15,"column":0},"end":{"line":15,"column":16}},"15":{"start":{"line":16,"column":0},"end":{"line":16,"column":23}},"16":{"start":{"line":17,"column":0},"end":{"line":17,"column":28}},"17":{"start":{"line":18,"column":0},"end":{"line":18,"column":0}},"18":{"start":{"line":19,"column":0},"end":{"line":19,"column":51}},"19":{"start":{"line":20,"column":0},"end":{"line":20,"column":0}},"20":{"start":{"line":21,"column":0},"end":{"line":21,"column":20}},"21":{"start":{"line":22,"column":0},"end":{"line":22,"column":14}},"22":{"start":{"line":23,"column":0},"end":{"line":23,"column":26}},"23":{"start":{"line":24,"column":0},"end":{"line":24,"column":1}},"24":{"start":{"line":25,"column":0},"end":{"line":25,"column":0}},"25":{"start":{"line":26,"column":0},"end":{"line":26,"column":23}},"26":{"start":{"line":27,"column":0},"end":{"line":27,"column":45}},"27":{"start":{"line":28,"column":0},"end":{"line":28,"column":57}},"28":{"start":{"line":29,"column":0},"end":{"line":29,"column":2}},"29":{"start":{"line":30,"column":0},"end":{"line":30,"column":0}},"30":{"start":{"line":31,"column":0},"end":{"line":31,"column":29}},"31":{"start":{"line":32,"column":0},"end":{"line":32,"column":58}},"32":{"start":{"line":33,"column":0},"end":{"line":33,"column":73}},"33":{"start":{"line":34,"column":0},"end":{"line":34,"column":0}},"34":{"start":{"line":35,"column":0},"end":{"line":35,"column":67}},"35":{"start":{"line":36,"column":0},"end":{"line":36,"column":0}},"36":{"start":{"line":37,"column":0},"end":{"line":37,"column":40}},"37":{"start":{"line":38,"column":0},"end":{"line":38,"column":0}},"38":{"start":{"line":39,"column":0},"end":{"line":39,"column":49}},"39":{"start":{"line":40,"column":0},"end":{"line":40,"column":35}},"40":{"start":{"line":41,"column":0},"end":{"line":41,"column":37}},"41":{"start":{"line":42,"column":0},"end":{"line":42,"column":5}},"42":{"start":{"line":43,"column":0},"end":{"line":43,"column":63}},"43":{"start":{"line":44,"column":0},"end":{"line":44,"column":4}},"44":{"start":{"line":45,"column":0},"end":{"line":45,"column":0}},"45":{"start":{"line":46,"column":0},"end":{"line":46,"column":19}},"46":{"start":{"line":47,"column":0},"end":{"line":47,"column":32}},"47":{"start":{"line":48,"column":0},"end":{"line":48,"column":20}},"48":{"start":{"line":49,"column":0},"end":{"line":49,"column":0}},"49":{"start":{"line":50,"column":0},"end":{"line":50,"column":80}},"50":{"start":{"line":51,"column":0},"end":{"line":51,"column":56}},"51":{"start":{"line":52,"column":0},"end":{"line":52,"column":4}},"52":{"start":{"line":53,"column":0},"end":{"line":53,"column":0}},"53":{"start":{"line":54,"column":0},"end":{"line":54,"column":73}},"54":{"start":{"line":55,"column":0},"end":{"line":55,"column":30}},"55":{"start":{"line":56,"column":0},"end":{"line":56,"column":4}},"56":{"start":{"line":57,"column":0},"end":{"line":57,"column":0}},"57":{"start":{"line":58,"column":0},"end":{"line":58,"column":16}},"58":{"start":{"line":59,"column":0},"end":{"line":59,"column":28}},"59":{"start":{"line":60,"column":0},"end":{"line":60,"column":3}},"60":{"start":{"line":61,"column":0},"end":{"line":61,"column":0}},"61":{"start":{"line":62,"column":0},"end":{"line":62,"column":25}},"62":{"start":{"line":63,"column":0},"end":{"line":63,"column":98}},"63":{"start":{"line":64,"column":0},"end":{"line":64,"column":0}},"64":{"start":{"line":65,"column":0},"end":{"line":65,"column":10}},"65":{"start":{"line":66,"column":0},"end":{"line":66,"column":19}},"66":{"start":{"line":67,"column":0},"end":{"line":67,"column":24}},"67":{"start":{"line":68,"column":0},"end":{"line":68,"column":52}},"68":{"start":{"line":69,"column":0},"end":{"line":69,"column":23}},"69":{"start":{"line":70,"column":0},"end":{"line":70,"column":32}},"70":{"start":{"line":71,"column":0},"end":{"line":71,"column":33}},"71":{"start":{"line":72,"column":0},"end":{"line":72,"column":35}},"72":{"start":{"line":73,"column":0},"end":{"line":73,"column":54}},"73":{"start":{"line":74,"column":0},"end":{"line":74,"column":12}},"74":{"start":{"line":75,"column":0},"end":{"line":75,"column":24}},"75":{"start":{"line":76,"column":0},"end":{"line":76,"column":35}},"76":{"start":{"line":77,"column":0},"end":{"line":77,"column":41}},"77":{"start":{"line":78,"column":0},"end":{"line":78,"column":28}},"78":{"start":{"line":79,"column":0},"end":{"line":79,"column":48}},"79":{"start":{"line":80,"column":0},"end":{"line":80,"column":24}},"80":{"start":{"line":81,"column":0},"end":{"line":81,"column":36}},"81":{"start":{"line":82,"column":0},"end":{"line":82,"column":35}},"82":{"start":{"line":83,"column":0},"end":{"line":83,"column":35}},"83":{"start":{"line":84,"column":0},"end":{"line":84,"column":57}},"84":{"start":{"line":85,"column":0},"end":{"line":85,"column":20}},"85":{"start":{"line":86,"column":0},"end":{"line":86,"column":18}},"86":{"start":{"line":87,"column":0},"end":{"line":87,"column":17}},"87":{"start":{"line":88,"column":0},"end":{"line":88,"column":29}},"88":{"start":{"line":89,"column":0},"end":{"line":89,"column":15}},"89":{"start":{"line":90,"column":0},"end":{"line":90,"column":34}},"90":{"start":{"line":91,"column":0},"end":{"line":91,"column":87}},"91":{"start":{"line":92,"column":0},"end":{"line":92,"column":35}},"92":{"start":{"line":93,"column":0},"end":{"line":93,"column":13}},"93":{"start":{"line":94,"column":0},"end":{"line":94,"column":25}},"94":{"start":{"line":95,"column":0},"end":{"line":95,"column":20}},"95":{"start":{"line":96,"column":0},"end":{"line":96,"column":4}},"96":{"start":{"line":97,"column":0},"end":{"line":97,"column":1}}},"s":{"0":1,"1":1,"2":1,"3":1,"4":1,"5":1,"6":1,"7":1,"8":1,"9":1,"10":1,"11":1,"12":1,"13":1,"14":1,"15":1,"16":1,"17":1,"18":1,"19":1,"20":1,"21":1,"22":1,"23":1,"24":1,"25":1,"26":1,"27":1,"28":1,"29":1,"30":1,"31":9,"32":9,"33":9,"34":9,"35":9,"36":9,"37":9,"38":9,"39":4,"40":0,"41":0,"42":4,"43":4,"44":9,"45":9,"46":4,"47":9,"48":9,"49":9,"50":0,"51":0,"52":9,"53":9,"54":2,"55":2,"56":9,"57":9,"58":1,"59":1,"60":8,"61":8,"62":9,"63":9,"64":9,"65":9,"66":9,"67":9,"68":9,"69":9,"70":9,"71":9,"72":9,"73":9,"74":9,"75":9,"76":8,"77":4,"78":4,"79":5,"80":5,"81":5,"82":5,"83":5,"84":5,"85":5,"86":4,"87":4,"88":4,"89":4,"90":4,"91":4,"92":9,"93":9,"94":9,"95":9,"96":9},"branchMap":{"0":{"type":"branch","line":21,"loc":{"start":{"line":21,"column":0},"end":{"line":21,"column":20}},"locations":[{"start":{"line":21,"column":0},"end":{"line":21,"column":20}}]},"1":{"type":"branch","line":31,"loc":{"start":{"line":31,"column":7},"end":{"line":97,"column":1}},"locations":[{"start":{"line":31,"column":7},"end":{"line":97,"column":1}}]},"2":{"type":"branch","line":58,"loc":{"start":{"line":58,"column":15},"end":{"line":60,"column":3}},"locations":[{"start":{"line":58,"column":15},"end":{"line":60,"column":3}}]},"3":{"type":"branch","line":60,"loc":{"start":{"line":60,"column":2},"end":{"line":63,"column":35}},"locations":[{"start":{"line":60,"column":2},"end":{"line":63,"column":35}}]},"4":{"type":"branch","line":63,"loc":{"start":{"line":63,"column":15},"end":{"line":63,"column":49}},"locations":[{"start":{"line":63,"column":15},"end":{"line":63,"column":49}}]},"5":{"type":"branch","line":63,"loc":{"start":{"line":63,"column":35},"end":{"line":63,"column":98}},"locations":[{"start":{"line":63,"column":35},"end":{"line":63,"column":98}}]},"6":{"type":"branch","line":76,"loc":{"start":{"line":76,"column":25},"end":{"line":92,"column":35}},"locations":[{"start":{"line":76,"column":25},"end":{"line":92,"column":35}}]},"7":{"type":"branch","line":77,"loc":{"start":{"line":77,"column":36},"end":{"line":88,"column":29}},"locations":[{"start":{"line":77,"column":36},"end":{"line":88,"column":29}}]},"8":{"type":"branch","line":88,"loc":{"start":{"line":88,"column":12},"end":{"line":92,"column":35}},"locations":[{"start":{"line":88,"column":12},"end":{"line":92,"column":35}}]},"9":{"type":"branch","line":39,"loc":{"start":{"line":39,"column":25},"end":{"line":44,"column":4}},"locations":[{"start":{"line":39,"column":25},"end":{"line":44,"column":4}}]},"10":{"type":"branch","line":40,"loc":{"start":{"line":40,"column":34},"end":{"line":42,"column":5}},"locations":[{"start":{"line":40,"column":34},"end":{"line":42,"column":5}}]},"11":{"type":"branch","line":43,"loc":{"start":{"line":43,"column":19},"end":{"line":43,"column":61}},"locations":[{"start":{"line":43,"column":19},"end":{"line":43,"column":61}}]},"12":{"type":"branch","line":46,"loc":{"start":{"line":46,"column":12},"end":{"line":48,"column":5}},"locations":[{"start":{"line":46,"column":12},"end":{"line":48,"column":5}}]},"13":{"type":"branch","line":54,"loc":{"start":{"line":54,"column":37},"end":{"line":56,"column":4}},"locations":[{"start":{"line":54,"column":37},"end":{"line":56,"column":4}}]},"14":{"type":"branch","line":63,"loc":{"start":{"line":63,"column":68},"end":{"line":63,"column":96}},"locations":[{"start":{"line":63,"column":68},"end":{"line":63,"column":96}}]},"15":{"type":"branch","line":79,"loc":{"start":{"line":79,"column":35},"end":{"line":87,"column":15}},"locations":[{"start":{"line":79,"column":35},"end":{"line":87,"column":15}}]}},"b":{"0":[1],"1":[9],"2":[1],"3":[8],"4":[6],"5":[2],"6":[8],"7":[4],"8":[4],"9":[4],"10":[0],"11":[4],"12":[4],"13":[2],"14":[3],"15":[5]},"fnMap":{"0":{"name":"Dashboard","decl":{"start":{"line":31,"column":7},"end":{"line":97,"column":1}},"loc":{"start":{"line":31,"column":7},"end":{"line":97,"column":1}},"line":31},"1":{"name":"getSensorsList","decl":{"start":{"line":39,"column":25},"end":{"line":44,"column":4}},"loc":{"start":{"line":39,"column":25},"end":{"line":44,"column":4}},"line":39},"2":{"name":"handleCheckboxClick","decl":{"start":{"line":50,"column":30},"end":{"line":52,"column":4}},"loc":{"start":{"line":50,"column":30},"end":{"line":52,"column":4}},"line":50},"3":{"name":"handleClickToggleConnected","decl":{"start":{"line":54,"column":37},"end":{"line":56,"column":4}},"loc":{"start":{"line":54,"column":37},"end":{"line":56,"column":4}},"line":54}},"f":{"0":9,"1":4,"2":0,"3":2}}
,"/Users/santi/web/challenges/iot-dashboard/client/src/views/Dashboard.utils.ts": {"path":"/Users/santi/web/challenges/iot-dashboard/client/src/views/Dashboard.utils.ts","all":false,"statementMap":{"0":{"start":{"line":1,"column":0},"end":{"line":1,"column":46}},"1":{"start":{"line":2,"column":0},"end":{"line":2,"column":0}},"2":{"start":{"line":3,"column":0},"end":{"line":3,"column":92}},"3":{"start":{"line":4,"column":0},"end":{"line":4,"column":74}},"4":{"start":{"line":5,"column":0},"end":{"line":5,"column":0}},"5":{"start":{"line":6,"column":0},"end":{"line":6,"column":36}},"6":{"start":{"line":7,"column":0},"end":{"line":7,"column":32}},"7":{"start":{"line":8,"column":0},"end":{"line":8,"column":0}},"8":{"start":{"line":9,"column":0},"end":{"line":9,"column":42}},"9":{"start":{"line":10,"column":0},"end":{"line":10,"column":0}},"10":{"start":{"line":11,"column":0},"end":{"line":11,"column":20}},"11":{"start":{"line":12,"column":0},"end":{"line":12,"column":3}},"12":{"start":{"line":13,"column":0},"end":{"line":13,"column":0}},"13":{"start":{"line":14,"column":0},"end":{"line":14,"column":26}},"14":{"start":{"line":15,"column":0},"end":{"line":15,"column":2}}},"s":{"0":1,"1":1,"2":1,"3":7,"4":7,"5":7,"6":2,"7":2,"8":2,"9":2,"10":2,"11":2,"12":5,"13":5,"14":5},"branchMap":{"0":{"type":"branch","line":3,"loc":{"start":{"line":3,"column":26},"end":{"line":15,"column":2}},"locations":[{"start":{"line":3,"column":26},"end":{"line":15,"column":2}}]},"1":{"type":"branch","line":6,"loc":{"start":{"line":6,"column":35},"end":{"line":12,"column":3}},"locations":[{"start":{"line":6,"column":35},"end":{"line":12,"column":3}}]},"2":{"type":"branch","line":12,"loc":{"start":{"line":12,"column":2},"end":{"line":15,"column":2}},"locations":[{"start":{"line":12,"column":2},"end":{"line":15,"column":2}}]},"3":{"type":"branch","line":4,"loc":{"start":{"line":4,"column":47},"end":{"line":4,"column":72}},"locations":[{"start":{"line":4,"column":47},"end":{"line":4,"column":72}}]}},"b":{"0":[7],"1":[2],"2":[5],"3":[6]},"fnMap":{"0":{"name":"mergeState","decl":{"start":{"line":3,"column":26},"end":{"line":15,"column":2}},"loc":{"start":{"line":3,"column":26},"end":{"line":15,"column":2}},"line":3}},"f":{"0":7}}
}
